github.com/adnanbrq/validation/v2/helper/array.go:8:	IsArray			100.0%
github.com/adnanbrq/validation/v2/helper/bool.go:6:	IsBool			100.0%
github.com/adnanbrq/validation/v2/helper/bool.go:12:	ParseBool		100.0%
github.com/adnanbrq/validation/v2/helper/int.go:9:	IsInt			100.0%
github.com/adnanbrq/validation/v2/helper/int.go:20:	IsUint			100.0%
github.com/adnanbrq/validation/v2/helper/int.go:31:	IsFloat			100.0%
github.com/adnanbrq/validation/v2/helper/int.go:42:	ParseFloat		100.0%
github.com/adnanbrq/validation/v2/helper/int.go:51:	ParseInt		100.0%
github.com/adnanbrq/validation/v2/helper/int.go:60:	ParseUint		100.0%
github.com/adnanbrq/validation/v2/helper/map.go:6:	IsMapOf			100.0%
github.com/adnanbrq/validation/v2/helper/null.go:8:	IsNull			100.0%
github.com/adnanbrq/validation/v2/helper/pointer.go:6:	IsPointer		100.0%
github.com/adnanbrq/validation/v2/helper/pointer.go:12:	UnwrapPointer		100.0%
github.com/adnanbrq/validation/v2/helper/string.go:6:	IsString		100.0%
github.com/adnanbrq/validation/v2/helper/struct.go:6:	IsStruct		100.0%
github.com/adnanbrq/validation/v2/rules/between.go:19:	Name			100.0%
github.com/adnanbrq/validation/v2/rules/between.go:24:	Validate		100.0%
github.com/adnanbrq/validation/v2/rules/bool.go:17:	Name			100.0%
github.com/adnanbrq/validation/v2/rules/bool.go:22:	Validate		100.0%
github.com/adnanbrq/validation/v2/rules/default.go:6:	Name			100.0%
github.com/adnanbrq/validation/v2/rules/default.go:11:	Validate		100.0%
github.com/adnanbrq/validation/v2/rules/email.go:14:	Name			100.0%
github.com/adnanbrq/validation/v2/rules/email.go:19:	Validate		100.0%
github.com/adnanbrq/validation/v2/rules/float.go:17:	Name			100.0%
github.com/adnanbrq/validation/v2/rules/float.go:22:	Validate		100.0%
github.com/adnanbrq/validation/v2/rules/int.go:17:	Name			100.0%
github.com/adnanbrq/validation/v2/rules/int.go:22:	Validate		100.0%
github.com/adnanbrq/validation/v2/rules/json.go:16:	Name			100.0%
github.com/adnanbrq/validation/v2/rules/json.go:21:	Validate		100.0%
github.com/adnanbrq/validation/v2/rules/jwt.go:17:	Name			100.0%
github.com/adnanbrq/validation/v2/rules/jwt.go:22:	Validate		100.0%
github.com/adnanbrq/validation/v2/rules/max.go:17:	Name			100.0%
github.com/adnanbrq/validation/v2/rules/max.go:22:	Validate		100.0%
github.com/adnanbrq/validation/v2/rules/min.go:17:	Name			100.0%
github.com/adnanbrq/validation/v2/rules/min.go:22:	Validate		100.0%
github.com/adnanbrq/validation/v2/rules/numeric.go:17:	Name			100.0%
github.com/adnanbrq/validation/v2/rules/numeric.go:22:	Validate		100.0%
github.com/adnanbrq/validation/v2/rules/pointer.go:14:	Name			100.0%
github.com/adnanbrq/validation/v2/rules/pointer.go:19:	Validate		100.0%
github.com/adnanbrq/validation/v2/rules/required.go:12:	Name			100.0%
github.com/adnanbrq/validation/v2/rules/required.go:17:	Validate		100.0%
github.com/adnanbrq/validation/v2/rules/string.go:14:	Name			100.0%
github.com/adnanbrq/validation/v2/rules/string.go:19:	Validate		100.0%
github.com/adnanbrq/validation/v2/rules/uint.go:17:	Name			100.0%
github.com/adnanbrq/validation/v2/rules/uint.go:22:	Validate		100.0%
github.com/adnanbrq/validation/v2/validation.go:37:	getRule			100.0%
github.com/adnanbrq/validation/v2/validation.go:49:	getErrorMessages	100.0%
github.com/adnanbrq/validation/v2/validation.go:84:	isFieldNullable		100.0%
github.com/adnanbrq/validation/v2/validation.go:89:	validateRequiredField	100.0%
github.com/adnanbrq/validation/v2/validation.go:102:	applyRule		100.0%
github.com/adnanbrq/validation/v2/validation.go:117:	Validate		100.0%
github.com/adnanbrq/validation/v2/validation.go:158:	AppendRule		100.0%
github.com/adnanbrq/validation/v2/validation.go:164:	SetMessage		100.0%
github.com/adnanbrq/validation/v2/validation.go:170:	SetFieldMessage		100.0%
github.com/adnanbrq/validation/v2/validation.go:176:	SetMessages		100.0%
github.com/adnanbrq/validation/v2/validation.go:182:	NewValidator		100.0%
total:							(statements)		100.0%
